{"/mnt/c/Users/std21/ltuc/401/data-structures-and-algorithms/challenges/FibonacciSequence/fibonacci-sequence.js": {"path":"/mnt/c/Users/std21/ltuc/401/data-structures-and-algorithms/challenges/FibonacciSequence/fibonacci-sequence.js","statementMap":{"0":{"start":{"line":3,"column":14},"end":{"line":3,"column":20}},"1":{"start":{"line":4,"column":2},"end":{"line":7,"column":3}},"2":{"start":{"line":4,"column":15},"end":{"line":4,"column":27}},"3":{"start":{"line":5,"column":19},"end":{"line":5,"column":46}},"4":{"start":{"line":6,"column":4},"end":{"line":6,"column":25}},"5":{"start":{"line":8,"column":2},"end":{"line":8,"column":15}},"6":{"start":{"line":10,"column":0},"end":{"line":10,"column":28}}},"fnMap":{"0":{"name":"fibSeqfunc","decl":{"start":{"line":2,"column":9},"end":{"line":2,"column":19}},"loc":{"start":{"line":2,"column":27},"end":{"line":9,"column":1}},"line":2}},"branchMap":{},"s":{"0":2,"1":2,"2":2,"3":18,"4":18,"5":2,"6":1},"f":{"0":2},"b":{},"_coverageSchema":"43e27e138ebf9cfc5966b082cf9a028302ed4184","hash":"8bb78b8eec078abcb20269de8ee5824d20ea12f1"}
,"/mnt/c/Users/std21/ltuc/401/data-structures-and-algorithms/challenges/arrayBinarySearch/array-binary-search.js": {"path":"/mnt/c/Users/std21/ltuc/401/data-structures-and-algorithms/challenges/arrayBinarySearch/array-binary-search.js","statementMap":{"0":{"start":{"line":3,"column":18},"end":{"line":3,"column":19}},"1":{"start":{"line":4,"column":19},"end":{"line":4,"column":35}},"2":{"start":{"line":5,"column":2},"end":{"line":13,"column":3}},"3":{"start":{"line":6,"column":17},"end":{"line":6,"column":57}},"4":{"start":{"line":7,"column":4},"end":{"line":12,"column":30}},"5":{"start":{"line":8,"column":6},"end":{"line":8,"column":20}},"6":{"start":{"line":9,"column":9},"end":{"line":12,"column":30}},"7":{"start":{"line":10,"column":6},"end":{"line":10,"column":29}},"8":{"start":{"line":12,"column":6},"end":{"line":12,"column":30}},"9":{"start":{"line":14,"column":2},"end":{"line":14,"column":12}},"10":{"start":{"line":16,"column":0},"end":{"line":16,"column":35}}},"fnMap":{"0":{"name":"binaryArraySearch","decl":{"start":{"line":2,"column":9},"end":{"line":2,"column":26}},"loc":{"start":{"line":2,"column":41},"end":{"line":15,"column":1}},"line":2}},"branchMap":{"0":{"loc":{"start":{"line":7,"column":4},"end":{"line":12,"column":30}},"type":"if","locations":[{"start":{"line":7,"column":4},"end":{"line":12,"column":30}},{"start":{"line":7,"column":4},"end":{"line":12,"column":30}}],"line":7},"1":{"loc":{"start":{"line":9,"column":9},"end":{"line":12,"column":30}},"type":"if","locations":[{"start":{"line":9,"column":9},"end":{"line":12,"column":30}},{"start":{"line":9,"column":9},"end":{"line":12,"column":30}}],"line":9}},"s":{"0":2,"1":2,"2":2,"3":4,"4":4,"5":1,"6":3,"7":3,"8":0,"9":1,"10":1},"f":{"0":2},"b":{"0":[1,3],"1":[3,0]},"_coverageSchema":"43e27e138ebf9cfc5966b082cf9a028302ed4184","hash":"2d4408420c136689fa9a3b8e4c1fb244ce849516"}
,"/mnt/c/Users/std21/ltuc/401/data-structures-and-algorithms/challenges/arrayShift/array-shift.js": {"path":"/mnt/c/Users/std21/ltuc/401/data-structures-and-algorithms/challenges/arrayShift/array-shift.js","statementMap":{"0":{"start":{"line":5,"column":13},"end":{"line":5,"column":41}},"1":{"start":{"line":6,"column":20},"end":{"line":6,"column":47}},"2":{"start":{"line":7,"column":2},"end":{"line":13,"column":3}},"3":{"start":{"line":7,"column":15},"end":{"line":7,"column":16}},"4":{"start":{"line":8,"column":4},"end":{"line":12,"column":5}},"5":{"start":{"line":9,"column":6},"end":{"line":9,"column":29}},"6":{"start":{"line":11,"column":6},"end":{"line":11,"column":32}},"7":{"start":{"line":14,"column":2},"end":{"line":16,"column":3}},"8":{"start":{"line":14,"column":15},"end":{"line":14,"column":19}},"9":{"start":{"line":15,"column":4},"end":{"line":15,"column":34}},"10":{"start":{"line":17,"column":2},"end":{"line":17,"column":21}},"11":{"start":{"line":19,"column":0},"end":{"line":19,"column":35}}},"fnMap":{"0":{"name":"insertShiftArray","decl":{"start":{"line":4,"column":9},"end":{"line":4,"column":25}},"loc":{"start":{"line":4,"column":40},"end":{"line":18,"column":1}},"line":4}},"branchMap":{"0":{"loc":{"start":{"line":8,"column":4},"end":{"line":12,"column":5}},"type":"if","locations":[{"start":{"line":8,"column":4},"end":{"line":12,"column":5}},{"start":{"line":8,"column":4},"end":{"line":12,"column":5}}],"line":8}},"s":{"0":2,"1":2,"2":2,"3":2,"4":6,"5":2,"6":4,"7":2,"8":2,"9":4,"10":2,"11":1},"f":{"0":2},"b":{"0":[2,4]},"_coverageSchema":"43e27e138ebf9cfc5966b082cf9a028302ed4184","hash":"a9f6d549f29ff55b3026f12d6b7a9ac7ec352ace"}
,"/mnt/c/Users/std21/ltuc/401/data-structures-and-algorithms/challenges/linkedList/linked-list.js": {"path":"/mnt/c/Users/std21/ltuc/401/data-structures-and-algorithms/challenges/linkedList/linked-list.js","statementMap":{"0":{"start":{"line":2,"column":13},"end":{"line":2,"column":33}},"1":{"start":{"line":5,"column":4},"end":{"line":5,"column":21}},"2":{"start":{"line":8,"column":15},"end":{"line":8,"column":30}},"3":{"start":{"line":9,"column":4},"end":{"line":12,"column":5}},"4":{"start":{"line":10,"column":6},"end":{"line":10,"column":23}},"5":{"start":{"line":11,"column":6},"end":{"line":11,"column":18}},"6":{"start":{"line":13,"column":22},"end":{"line":13,"column":31}},"7":{"start":{"line":14,"column":4},"end":{"line":16,"column":5}},"8":{"start":{"line":15,"column":6},"end":{"line":15,"column":37}},"9":{"start":{"line":17,"column":4},"end":{"line":17,"column":28}},"10":{"start":{"line":18,"column":4},"end":{"line":18,"column":16}},"11":{"start":{"line":21,"column":15},"end":{"line":21,"column":31}},"12":{"start":{"line":22,"column":4},"end":{"line":24,"column":5}},"13":{"start":{"line":23,"column":6},"end":{"line":23,"column":23}},"14":{"start":{"line":25,"column":22},"end":{"line":25,"column":31}},"15":{"start":{"line":26,"column":4},"end":{"line":33,"column":5}},"16":{"start":{"line":27,"column":6},"end":{"line":32,"column":7}},"17":{"start":{"line":28,"column":8},"end":{"line":28,"column":39}},"18":{"start":{"line":29,"column":8},"end":{"line":29,"column":20}},"19":{"start":{"line":31,"column":8},"end":{"line":31,"column":39}},"20":{"start":{"line":34,"column":4},"end":{"line":34,"column":17}},"21":{"start":{"line":39,"column":22},"end":{"line":39,"column":31}},"22":{"start":{"line":40,"column":17},"end":{"line":40,"column":19}},"23":{"start":{"line":41,"column":4},"end":{"line":44,"column":5}},"24":{"start":{"line":42,"column":6},"end":{"line":42,"column":43}},"25":{"start":{"line":43,"column":6},"end":{"line":43,"column":37}},"26":{"start":{"line":45,"column":4},"end":{"line":45,"column":28}},"27":{"start":{"line":48,"column":0},"end":{"line":48,"column":28}}},"fnMap":{"0":{"name":"(anonymous_0)","decl":{"start":{"line":4,"column":2},"end":{"line":4,"column":3}},"loc":{"start":{"line":4,"column":15},"end":{"line":6,"column":3}},"line":4},"1":{"name":"(anonymous_1)","decl":{"start":{"line":7,"column":2},"end":{"line":7,"column":3}},"loc":{"start":{"line":7,"column":16},"end":{"line":19,"column":3}},"line":7},"2":{"name":"(anonymous_2)","decl":{"start":{"line":20,"column":2},"end":{"line":20,"column":3}},"loc":{"start":{"line":20,"column":17},"end":{"line":37,"column":3}},"line":20},"3":{"name":"(anonymous_3)","decl":{"start":{"line":38,"column":2},"end":{"line":38,"column":3}},"loc":{"start":{"line":38,"column":12},"end":{"line":46,"column":3}},"line":38}},"branchMap":{"0":{"loc":{"start":{"line":9,"column":4},"end":{"line":12,"column":5}},"type":"if","locations":[{"start":{"line":9,"column":4},"end":{"line":12,"column":5}},{"start":{"line":9,"column":4},"end":{"line":12,"column":5}}],"line":9},"1":{"loc":{"start":{"line":22,"column":4},"end":{"line":24,"column":5}},"type":"if","locations":[{"start":{"line":22,"column":4},"end":{"line":24,"column":5}},{"start":{"line":22,"column":4},"end":{"line":24,"column":5}}],"line":22},"2":{"loc":{"start":{"line":27,"column":6},"end":{"line":32,"column":7}},"type":"if","locations":[{"start":{"line":27,"column":6},"end":{"line":32,"column":7}},{"start":{"line":27,"column":6},"end":{"line":32,"column":7}}],"line":27}},"s":{"0":1,"1":4,"2":3,"3":3,"4":2,"5":2,"6":1,"7":1,"8":0,"9":1,"10":1,"11":1,"12":1,"13":1,"14":1,"15":1,"16":1,"17":1,"18":1,"19":0,"20":0,"21":1,"22":1,"23":1,"24":2,"25":2,"26":1,"27":1},"f":{"0":4,"1":3,"2":1,"3":1},"b":{"0":[2,1],"1":[1,0],"2":[1,0]},"_coverageSchema":"43e27e138ebf9cfc5966b082cf9a028302ed4184","hash":"925eb70800f86d319302021aef37afa01aa835ff"}
,"/mnt/c/Users/std21/ltuc/401/data-structures-and-algorithms/challenges/linkedList/node.js": {"path":"/mnt/c/Users/std21/ltuc/401/data-structures-and-algorithms/challenges/linkedList/node.js","statementMap":{"0":{"start":{"line":4,"column":4},"end":{"line":4,"column":23}},"1":{"start":{"line":5,"column":4},"end":{"line":5,"column":21}},"2":{"start":{"line":8,"column":0},"end":{"line":8,"column":22}}},"fnMap":{"0":{"name":"(anonymous_0)","decl":{"start":{"line":3,"column":2},"end":{"line":3,"column":3}},"loc":{"start":{"line":3,"column":20},"end":{"line":6,"column":3}},"line":3}},"branchMap":{},"s":{"0":14,"1":14,"2":3},"f":{"0":14},"b":{},"_coverageSchema":"43e27e138ebf9cfc5966b082cf9a028302ed4184","hash":"718961c087fba614ae6cb3ecbcb7514e29f31f42"}
,"/mnt/c/Users/std21/ltuc/401/data-structures-and-algorithms/challenges/llMerge/ll-merge.js": {"path":"/mnt/c/Users/std21/ltuc/401/data-structures-and-algorithms/challenges/llMerge/ll-merge.js","statementMap":{"0":{"start":{"line":2,"column":13},"end":{"line":2,"column":45}},"1":{"start":{"line":5,"column":4},"end":{"line":5,"column":21}},"2":{"start":{"line":8,"column":15},"end":{"line":8,"column":30}},"3":{"start":{"line":9,"column":4},"end":{"line":12,"column":5}},"4":{"start":{"line":10,"column":6},"end":{"line":10,"column":23}},"5":{"start":{"line":11,"column":6},"end":{"line":11,"column":18}},"6":{"start":{"line":13,"column":22},"end":{"line":13,"column":31}},"7":{"start":{"line":14,"column":4},"end":{"line":16,"column":5}},"8":{"start":{"line":15,"column":6},"end":{"line":15,"column":37}},"9":{"start":{"line":17,"column":4},"end":{"line":17,"column":28}},"10":{"start":{"line":18,"column":4},"end":{"line":18,"column":16}},"11":{"start":{"line":22,"column":25},"end":{"line":22,"column":35}},"12":{"start":{"line":23,"column":25},"end":{"line":23,"column":35}},"13":{"start":{"line":24,"column":4},"end":{"line":34,"column":5}},"14":{"start":{"line":25,"column":6},"end":{"line":28,"column":7}},"15":{"start":{"line":26,"column":8},"end":{"line":26,"column":42}},"16":{"start":{"line":27,"column":8},"end":{"line":27,"column":45}},"17":{"start":{"line":29,"column":6},"end":{"line":32,"column":7}},"18":{"start":{"line":30,"column":8},"end":{"line":30,"column":42}},"19":{"start":{"line":31,"column":8},"end":{"line":31,"column":45}},"20":{"start":{"line":35,"column":4},"end":{"line":35,"column":16}},"21":{"start":{"line":41,"column":0},"end":{"line":41,"column":28}}},"fnMap":{"0":{"name":"(anonymous_0)","decl":{"start":{"line":4,"column":2},"end":{"line":4,"column":3}},"loc":{"start":{"line":4,"column":15},"end":{"line":6,"column":3}},"line":4},"1":{"name":"(anonymous_1)","decl":{"start":{"line":7,"column":2},"end":{"line":7,"column":3}},"loc":{"start":{"line":7,"column":16},"end":{"line":19,"column":3}},"line":7},"2":{"name":"(anonymous_2)","decl":{"start":{"line":21,"column":2},"end":{"line":21,"column":3}},"loc":{"start":{"line":21,"column":26},"end":{"line":36,"column":3}},"line":21}},"branchMap":{"0":{"loc":{"start":{"line":9,"column":4},"end":{"line":12,"column":5}},"type":"if","locations":[{"start":{"line":9,"column":4},"end":{"line":12,"column":5}},{"start":{"line":9,"column":4},"end":{"line":12,"column":5}}],"line":9},"1":{"loc":{"start":{"line":24,"column":10},"end":{"line":24,"column":42}},"type":"binary-expr","locations":[{"start":{"line":24,"column":10},"end":{"line":24,"column":24}},{"start":{"line":24,"column":28},"end":{"line":24,"column":42}}],"line":24},"2":{"loc":{"start":{"line":25,"column":6},"end":{"line":28,"column":7}},"type":"if","locations":[{"start":{"line":25,"column":6},"end":{"line":28,"column":7}},{"start":{"line":25,"column":6},"end":{"line":28,"column":7}}],"line":25},"3":{"loc":{"start":{"line":29,"column":6},"end":{"line":32,"column":7}},"type":"if","locations":[{"start":{"line":29,"column":6},"end":{"line":32,"column":7}},{"start":{"line":29,"column":6},"end":{"line":32,"column":7}}],"line":29}},"s":{"0":1,"1":5,"2":9,"3":9,"4":4,"5":4,"6":5,"7":5,"8":3,"9":5,"10":5,"11":1,"12":1,"13":1,"14":2,"15":2,"16":2,"17":2,"18":2,"19":2,"20":1,"21":1},"f":{"0":5,"1":9,"2":1},"b":{"0":[4,5],"1":[3,1],"2":[2,0],"3":[2,0]},"_coverageSchema":"43e27e138ebf9cfc5966b082cf9a028302ed4184","hash":"d74c55e216c88463daa50d1124e3170ae9696074"}
}
