{"/mnt/c/Users/std21/ltuc/401/data-structures-and-algorithms/challenges/fizzBuzzTree/fizz-buzz-tree.js": {"path":"/mnt/c/Users/std21/ltuc/401/data-structures-and-algorithms/challenges/fizzBuzzTree/fizz-buzz-tree.js","statementMap":{"0":{"start":{"line":3,"column":6},"end":{"line":3,"column":25}},"1":{"start":{"line":4,"column":6},"end":{"line":4,"column":35}},"2":{"start":{"line":5,"column":6},"end":{"line":5,"column":33}},"3":{"start":{"line":10,"column":6},"end":{"line":10,"column":23}},"4":{"start":{"line":14,"column":17},"end":{"line":14,"column":19}},"5":{"start":{"line":15,"column":18},"end":{"line":19,"column":7}},"6":{"start":{"line":16,"column":8},"end":{"line":16,"column":30}},"7":{"start":{"line":17,"column":8},"end":{"line":17,"column":49}},"8":{"start":{"line":17,"column":27},"end":{"line":17,"column":49}},"9":{"start":{"line":18,"column":8},"end":{"line":18,"column":51}},"10":{"start":{"line":18,"column":28},"end":{"line":18,"column":51}},"11":{"start":{"line":20,"column":6},"end":{"line":20,"column":23}},"12":{"start":{"line":21,"column":6},"end":{"line":21,"column":18}},"13":{"start":{"line":25,"column":17},"end":{"line":25,"column":19}},"14":{"start":{"line":26,"column":18},"end":{"line":30,"column":7}},"15":{"start":{"line":27,"column":8},"end":{"line":27,"column":49}},"16":{"start":{"line":27,"column":27},"end":{"line":27,"column":49}},"17":{"start":{"line":28,"column":8},"end":{"line":28,"column":30}},"18":{"start":{"line":29,"column":8},"end":{"line":29,"column":51}},"19":{"start":{"line":29,"column":28},"end":{"line":29,"column":51}},"20":{"start":{"line":31,"column":6},"end":{"line":31,"column":23}},"21":{"start":{"line":32,"column":6},"end":{"line":32,"column":18}},"22":{"start":{"line":36,"column":17},"end":{"line":36,"column":19}},"23":{"start":{"line":37,"column":18},"end":{"line":41,"column":7}},"24":{"start":{"line":38,"column":8},"end":{"line":38,"column":49}},"25":{"start":{"line":38,"column":27},"end":{"line":38,"column":49}},"26":{"start":{"line":39,"column":8},"end":{"line":39,"column":51}},"27":{"start":{"line":39,"column":28},"end":{"line":39,"column":51}},"28":{"start":{"line":40,"column":8},"end":{"line":40,"column":30}},"29":{"start":{"line":42,"column":6},"end":{"line":42,"column":23}},"30":{"start":{"line":43,"column":6},"end":{"line":43,"column":18}},"31":{"start":{"line":49,"column":6},"end":{"line":49,"column":65}},"32":{"start":{"line":49,"column":29},"end":{"line":49,"column":64}},"33":{"start":{"line":50,"column":6},"end":{"line":50,"column":36}},"34":{"start":{"line":53,"column":6},"end":{"line":59,"column":7}},"35":{"start":{"line":54,"column":8},"end":{"line":58,"column":9}},"36":{"start":{"line":55,"column":10},"end":{"line":55,"column":57}},"37":{"start":{"line":57,"column":10},"end":{"line":57,"column":58}},"38":{"start":{"line":60,"column":6},"end":{"line":66,"column":7}},"39":{"start":{"line":61,"column":8},"end":{"line":65,"column":9}},"40":{"start":{"line":62,"column":10},"end":{"line":62,"column":56}},"41":{"start":{"line":64,"column":10},"end":{"line":64,"column":57}},"42":{"start":{"line":71,"column":6},"end":{"line":71,"column":43}},"43":{"start":{"line":74,"column":6},"end":{"line":74,"column":44}},"44":{"start":{"line":74,"column":29},"end":{"line":74,"column":42}},"45":{"start":{"line":75,"column":6},"end":{"line":81,"column":7}},"46":{"start":{"line":76,"column":8},"end":{"line":76,"column":20}},"47":{"start":{"line":77,"column":12},"end":{"line":81,"column":7}},"48":{"start":{"line":78,"column":8},"end":{"line":78,"column":56}},"49":{"start":{"line":79,"column":12},"end":{"line":81,"column":7}},"50":{"start":{"line":80,"column":8},"end":{"line":80,"column":55}},"51":{"start":{"line":84,"column":8},"end":{"line":84,"column":36}},"52":{"start":{"line":84,"column":27},"end":{"line":84,"column":34}},"53":{"start":{"line":85,"column":8},"end":{"line":93,"column":9}},"54":{"start":{"line":86,"column":12},"end":{"line":86,"column":33}},"55":{"start":{"line":87,"column":13},"end":{"line":93,"column":9}},"56":{"start":{"line":88,"column":13},"end":{"line":88,"column":30}},"57":{"start":{"line":89,"column":14},"end":{"line":93,"column":9}},"58":{"start":{"line":90,"column":13},"end":{"line":90,"column":30}},"59":{"start":{"line":92,"column":13},"end":{"line":92,"column":46}},"60":{"start":{"line":94,"column":8},"end":{"line":94,"column":41}},"61":{"start":{"line":95,"column":8},"end":{"line":95,"column":42}},"62":{"start":{"line":100,"column":2},"end":{"line":100,"column":33}}},"fnMap":{"0":{"name":"(anonymous_0)","decl":{"start":{"line":2,"column":4},"end":{"line":2,"column":5}},"loc":{"start":{"line":2,"column":57},"end":{"line":6,"column":5}},"line":2},"1":{"name":"(anonymous_1)","decl":{"start":{"line":9,"column":4},"end":{"line":9,"column":5}},"loc":{"start":{"line":9,"column":28},"end":{"line":11,"column":5}},"line":9},"2":{"name":"(anonymous_2)","decl":{"start":{"line":13,"column":4},"end":{"line":13,"column":5}},"loc":{"start":{"line":13,"column":14},"end":{"line":22,"column":5}},"line":13},"3":{"name":"(anonymous_3)","decl":{"start":{"line":15,"column":18},"end":{"line":15,"column":19}},"loc":{"start":{"line":15,"column":26},"end":{"line":19,"column":7}},"line":15},"4":{"name":"(anonymous_4)","decl":{"start":{"line":24,"column":4},"end":{"line":24,"column":5}},"loc":{"start":{"line":24,"column":13},"end":{"line":33,"column":5}},"line":24},"5":{"name":"(anonymous_5)","decl":{"start":{"line":26,"column":18},"end":{"line":26,"column":19}},"loc":{"start":{"line":26,"column":26},"end":{"line":30,"column":7}},"line":26},"6":{"name":"(anonymous_6)","decl":{"start":{"line":35,"column":4},"end":{"line":35,"column":5}},"loc":{"start":{"line":35,"column":15},"end":{"line":44,"column":5}},"line":35},"7":{"name":"(anonymous_7)","decl":{"start":{"line":37,"column":18},"end":{"line":37,"column":19}},"loc":{"start":{"line":37,"column":26},"end":{"line":41,"column":7}},"line":37},"8":{"name":"(anonymous_8)","decl":{"start":{"line":48,"column":4},"end":{"line":48,"column":5}},"loc":{"start":{"line":48,"column":14},"end":{"line":51,"column":5}},"line":48},"9":{"name":"(anonymous_9)","decl":{"start":{"line":52,"column":4},"end":{"line":52,"column":5}},"loc":{"start":{"line":52,"column":28},"end":{"line":67,"column":5}},"line":52},"10":{"name":"(anonymous_10)","decl":{"start":{"line":70,"column":4},"end":{"line":70,"column":5}},"loc":{"start":{"line":70,"column":19},"end":{"line":72,"column":5}},"line":70},"11":{"name":"(anonymous_11)","decl":{"start":{"line":73,"column":4},"end":{"line":73,"column":5}},"loc":{"start":{"line":73,"column":28},"end":{"line":82,"column":5}},"line":73},"12":{"name":"(anonymous_12)","decl":{"start":{"line":83,"column":4},"end":{"line":83,"column":5}},"loc":{"start":{"line":83,"column":22},"end":{"line":96,"column":5}},"line":83}},"branchMap":{"0":{"loc":{"start":{"line":2,"column":22},"end":{"line":2,"column":38}},"type":"default-arg","locations":[{"start":{"line":2,"column":34},"end":{"line":2,"column":38}}],"line":2},"1":{"loc":{"start":{"line":2,"column":39},"end":{"line":2,"column":56}},"type":"default-arg","locations":[{"start":{"line":2,"column":52},"end":{"line":2,"column":56}}],"line":2},"2":{"loc":{"start":{"line":9,"column":16},"end":{"line":9,"column":27}},"type":"default-arg","locations":[{"start":{"line":9,"column":23},"end":{"line":9,"column":27}}],"line":9},"3":{"loc":{"start":{"line":17,"column":8},"end":{"line":17,"column":49}},"type":"if","locations":[{"start":{"line":17,"column":8},"end":{"line":17,"column":49}},{"start":{"line":17,"column":8},"end":{"line":17,"column":49}}],"line":17},"4":{"loc":{"start":{"line":18,"column":8},"end":{"line":18,"column":51}},"type":"if","locations":[{"start":{"line":18,"column":8},"end":{"line":18,"column":51}},{"start":{"line":18,"column":8},"end":{"line":18,"column":51}}],"line":18},"5":{"loc":{"start":{"line":27,"column":8},"end":{"line":27,"column":49}},"type":"if","locations":[{"start":{"line":27,"column":8},"end":{"line":27,"column":49}},{"start":{"line":27,"column":8},"end":{"line":27,"column":49}}],"line":27},"6":{"loc":{"start":{"line":29,"column":8},"end":{"line":29,"column":51}},"type":"if","locations":[{"start":{"line":29,"column":8},"end":{"line":29,"column":51}},{"start":{"line":29,"column":8},"end":{"line":29,"column":51}}],"line":29},"7":{"loc":{"start":{"line":38,"column":8},"end":{"line":38,"column":49}},"type":"if","locations":[{"start":{"line":38,"column":8},"end":{"line":38,"column":49}},{"start":{"line":38,"column":8},"end":{"line":38,"column":49}}],"line":38},"8":{"loc":{"start":{"line":39,"column":8},"end":{"line":39,"column":51}},"type":"if","locations":[{"start":{"line":39,"column":8},"end":{"line":39,"column":51}},{"start":{"line":39,"column":8},"end":{"line":39,"column":51}}],"line":39},"9":{"loc":{"start":{"line":49,"column":6},"end":{"line":49,"column":65}},"type":"if","locations":[{"start":{"line":49,"column":6},"end":{"line":49,"column":65}},{"start":{"line":49,"column":6},"end":{"line":49,"column":65}}],"line":49},"10":{"loc":{"start":{"line":53,"column":6},"end":{"line":59,"column":7}},"type":"if","locations":[{"start":{"line":53,"column":6},"end":{"line":59,"column":7}},{"start":{"line":53,"column":6},"end":{"line":59,"column":7}}],"line":53},"11":{"loc":{"start":{"line":54,"column":8},"end":{"line":58,"column":9}},"type":"if","locations":[{"start":{"line":54,"column":8},"end":{"line":58,"column":9}},{"start":{"line":54,"column":8},"end":{"line":58,"column":9}}],"line":54},"12":{"loc":{"start":{"line":60,"column":6},"end":{"line":66,"column":7}},"type":"if","locations":[{"start":{"line":60,"column":6},"end":{"line":66,"column":7}},{"start":{"line":60,"column":6},"end":{"line":66,"column":7}}],"line":60},"13":{"loc":{"start":{"line":61,"column":8},"end":{"line":65,"column":9}},"type":"if","locations":[{"start":{"line":61,"column":8},"end":{"line":65,"column":9}},{"start":{"line":61,"column":8},"end":{"line":65,"column":9}}],"line":61},"14":{"loc":{"start":{"line":74,"column":6},"end":{"line":74,"column":44}},"type":"if","locations":[{"start":{"line":74,"column":6},"end":{"line":74,"column":44}},{"start":{"line":74,"column":6},"end":{"line":74,"column":44}}],"line":74},"15":{"loc":{"start":{"line":75,"column":6},"end":{"line":81,"column":7}},"type":"if","locations":[{"start":{"line":75,"column":6},"end":{"line":81,"column":7}},{"start":{"line":75,"column":6},"end":{"line":81,"column":7}}],"line":75},"16":{"loc":{"start":{"line":77,"column":12},"end":{"line":81,"column":7}},"type":"if","locations":[{"start":{"line":77,"column":12},"end":{"line":81,"column":7}},{"start":{"line":77,"column":12},"end":{"line":81,"column":7}}],"line":77},"17":{"loc":{"start":{"line":79,"column":12},"end":{"line":81,"column":7}},"type":"if","locations":[{"start":{"line":79,"column":12},"end":{"line":81,"column":7}},{"start":{"line":79,"column":12},"end":{"line":81,"column":7}}],"line":79},"18":{"loc":{"start":{"line":84,"column":8},"end":{"line":84,"column":36}},"type":"if","locations":[{"start":{"line":84,"column":8},"end":{"line":84,"column":36}},{"start":{"line":84,"column":8},"end":{"line":84,"column":36}}],"line":84},"19":{"loc":{"start":{"line":85,"column":8},"end":{"line":93,"column":9}},"type":"if","locations":[{"start":{"line":85,"column":8},"end":{"line":93,"column":9}},{"start":{"line":85,"column":8},"end":{"line":93,"column":9}}],"line":85},"20":{"loc":{"start":{"line":85,"column":11},"end":{"line":85,"column":51}},"type":"binary-expr","locations":[{"start":{"line":85,"column":11},"end":{"line":85,"column":29}},{"start":{"line":85,"column":33},"end":{"line":85,"column":51}}],"line":85},"21":{"loc":{"start":{"line":87,"column":13},"end":{"line":93,"column":9}},"type":"if","locations":[{"start":{"line":87,"column":13},"end":{"line":93,"column":9}},{"start":{"line":87,"column":13},"end":{"line":93,"column":9}}],"line":87},"22":{"loc":{"start":{"line":89,"column":14},"end":{"line":93,"column":9}},"type":"if","locations":[{"start":{"line":89,"column":14},"end":{"line":93,"column":9}},{"start":{"line":89,"column":14},"end":{"line":93,"column":9}}],"line":89}},"s":{"0":44,"1":44,"2":44,"3":9,"4":7,"5":7,"6":49,"7":49,"8":13,"9":49,"10":29,"11":7,"12":7,"13":3,"14":3,"15":21,"16":9,"17":21,"18":21,"19":9,"20":3,"21":3,"22":3,"23":3,"24":21,"25":9,"26":21,"27":9,"28":21,"29":3,"30":3,"31":18,"32":3,"33":15,"34":28,"35":20,"36":11,"37":9,"38":8,"39":8,"40":4,"41":4,"42":6,"43":20,"44":2,"45":18,"46":4,"47":14,"48":12,"49":2,"50":2,"51":9,"52":5,"53":4,"54":1,"55":3,"56":1,"57":2,"58":1,"59":1,"60":4,"61":4,"62":1},"f":{"0":44,"1":9,"2":7,"3":49,"4":3,"5":21,"6":3,"7":21,"8":18,"9":28,"10":6,"11":20,"12":9},"b":{"0":[44],"1":[44],"2":[0],"3":[13,36],"4":[29,20],"5":[9,12],"6":[9,12],"7":[9,12],"8":[9,12],"9":[3,15],"10":[20,8],"11":[11,9],"12":[8,0],"13":[4,4],"14":[2,18],"15":[4,14],"16":[12,2],"17":[2,0],"18":[5,4],"19":[1,3],"20":[4,2],"21":[1,2],"22":[1,1]},"_coverageSchema":"43e27e138ebf9cfc5966b082cf9a028302ed4184","hash":"fcc9a0cdce3f4b551393f37279bc1cbdb0bca84d"}
}
