TN:
SF:/mnt/c/Users/std21/ltuc/401/data-structures-and-algorithms/challenges/fifoAnimalShelter/fifo-animal-shelter.js
FN:3,(anonymous_0)
FN:7,(anonymous_1)
FN:15,(anonymous_2)
FNF:3
FNH:3
FNDA:6,(anonymous_0)
FNDA:9,(anonymous_1)
FNDA:3,(anonymous_2)
DA:4,6
DA:5,6
DA:8,9
DA:9,5
DA:10,4
DA:11,3
DA:13,1
DA:16,3
DA:17,1
DA:18,1
DA:19,2
DA:20,1
DA:21,1
DA:23,1
DA:28,1
LF:15
LH:15
BRDA:8,0,0,5
BRDA:8,0,1,4
BRDA:10,1,0,3
BRDA:10,1,1,1
BRDA:16,2,0,1
BRDA:16,2,1,2
BRDA:19,3,0,1
BRDA:19,3,1,1
BRF:8
BRH:8
end_of_record
