TN:
SF:/mnt/c/Users/std21/ltuc/401/data-structures-and-algorithms/challenges/FibonacciSequence/fibonacci-sequence.js
FN:2,fibSeqfunc
FNF:1
FNH:1
FNDA:2,fibSeqfunc
DA:3,2
DA:4,2
DA:5,18
DA:6,18
DA:8,2
DA:10,1
LF:6
LH:6
BRF:0
BRH:0
end_of_record
TN:
SF:/mnt/c/Users/std21/ltuc/401/data-structures-and-algorithms/challenges/arrayBinarySearch/array-binary-search.js
FN:2,binaryArraySearch
FNF:1
FNH:1
FNDA:2,binaryArraySearch
DA:3,2
DA:4,2
DA:5,2
DA:6,4
DA:7,4
DA:8,1
DA:9,3
DA:10,3
DA:12,0
DA:14,1
DA:16,1
LF:11
LH:10
BRDA:7,0,0,1
BRDA:7,0,1,3
BRDA:9,1,0,3
BRDA:9,1,1,0
BRF:4
BRH:3
end_of_record
TN:
SF:/mnt/c/Users/std21/ltuc/401/data-structures-and-algorithms/challenges/arrayShift/array-shift.js
FN:4,insertShiftArray
FNF:1
FNH:1
FNDA:2,insertShiftArray
DA:5,2
DA:6,2
DA:7,2
DA:8,6
DA:9,2
DA:11,4
DA:14,2
DA:15,4
DA:17,2
DA:19,1
LF:10
LH:10
BRDA:8,0,0,2
BRDA:8,0,1,4
BRF:2
BRH:2
end_of_record
TN:
SF:/mnt/c/Users/std21/ltuc/401/data-structures-and-algorithms/challenges/linkedList/linked-list.js
FN:4,(anonymous_0)
FN:7,(anonymous_1)
FN:20,(anonymous_2)
FN:38,(anonymous_3)
FNF:4
FNH:4
FNDA:4,(anonymous_0)
FNDA:3,(anonymous_1)
FNDA:1,(anonymous_2)
FNDA:1,(anonymous_3)
DA:2,1
DA:5,4
DA:8,3
DA:9,3
DA:10,2
DA:11,2
DA:13,1
DA:14,1
DA:15,0
DA:17,1
DA:18,1
DA:21,1
DA:22,1
DA:23,1
DA:25,1
DA:26,1
DA:27,1
DA:28,1
DA:29,1
DA:31,0
DA:34,0
DA:39,1
DA:40,1
DA:41,1
DA:42,2
DA:43,2
DA:45,1
DA:48,1
LF:28
LH:25
BRDA:9,0,0,2
BRDA:9,0,1,1
BRDA:22,1,0,1
BRDA:22,1,1,0
BRDA:27,2,0,1
BRDA:27,2,1,0
BRF:6
BRH:4
end_of_record
TN:
SF:/mnt/c/Users/std21/ltuc/401/data-structures-and-algorithms/challenges/linkedList/node.js
FN:3,(anonymous_0)
FNF:1
FNH:1
FNDA:14,(anonymous_0)
DA:4,14
DA:5,14
DA:8,3
LF:3
LH:3
BRF:0
BRH:0
end_of_record
TN:
SF:/mnt/c/Users/std21/ltuc/401/data-structures-and-algorithms/challenges/llMerge/ll-merge.js
FN:4,(anonymous_0)
FN:7,(anonymous_1)
FN:21,(anonymous_2)
FNF:3
FNH:3
FNDA:5,(anonymous_0)
FNDA:9,(anonymous_1)
FNDA:1,(anonymous_2)
DA:2,1
DA:5,5
DA:8,9
DA:9,9
DA:10,4
DA:11,4
DA:13,5
DA:14,5
DA:15,3
DA:17,5
DA:18,5
DA:22,1
DA:23,1
DA:24,1
DA:25,2
DA:26,2
DA:27,2
DA:29,2
DA:30,2
DA:31,2
DA:35,1
DA:41,1
LF:22
LH:22
BRDA:9,0,0,4
BRDA:9,0,1,5
BRDA:24,1,0,3
BRDA:24,1,1,1
BRDA:25,2,0,2
BRDA:25,2,1,0
BRDA:29,3,0,2
BRDA:29,3,1,0
BRF:8
BRH:6
end_of_record
